{"C:\\Users\\elnic\\Desktop\\React\\03-gifs-app\\src\\GifsApp.tsx": {"path":"C:\\Users\\elnic\\Desktop\\React\\03-gifs-app\\src\\GifsApp.tsx","statementMap":{"0":{"start":{"line":7,"column":23},"end":{"line":27,"column":null}},"1":{"start":{"line":8,"column":61},"end":{"line":8,"column":null}},"2":{"start":{"line":10,"column":2},"end":{"line":24,"column":null}}},"fnMap":{"0":{"name":"(anonymous_0)","decl":{"start":{"line":7,"column":23},"end":{"line":7,"column":null}},"loc":{"start":{"line":7,"column":23},"end":{"line":27,"column":null}},"line":7}},"branchMap":{},"s":{"0":1,"1":1,"2":1},"f":{"0":1},"b":{},"meta":{"lastBranch":0,"lastFunction":1,"lastStatement":3,"seen":{"s:7:23:27:Infinity":0,"f:7:23:7:Infinity":0,"s:8:61:8:Infinity":1,"s:10:2:24:Infinity":2}}}
,"C:\\Users\\elnic\\Desktop\\React\\03-gifs-app\\src\\counter\\components\\MyCounterApp.tsx": {"path":"C:\\Users\\elnic\\Desktop\\React\\03-gifs-app\\src\\counter\\components\\MyCounterApp.tsx","statementMap":{"0":{"start":{"line":3,"column":28},"end":{"line":29,"column":null}},"1":{"start":{"line":5,"column":59},"end":{"line":5,"column":null}},"2":{"start":{"line":7,"column":4},"end":{"line":15,"column":null}}},"fnMap":{"0":{"name":"(anonymous_0)","decl":{"start":{"line":3,"column":28},"end":{"line":3,"column":null}},"loc":{"start":{"line":3,"column":28},"end":{"line":29,"column":null}},"line":3}},"branchMap":{},"s":{"0":2,"1":12,"2":12},"f":{"0":12},"b":{},"meta":{"lastBranch":0,"lastFunction":1,"lastStatement":3,"seen":{"s:3:28:29:Infinity":0,"f:3:28:3:Infinity":0,"s:5:59:5:Infinity":1,"s:7:4:15:Infinity":2}}}
,"C:\\Users\\elnic\\Desktop\\React\\03-gifs-app\\src\\counter\\components\\hooks\\useCounter.tsx": {"path":"C:\\Users\\elnic\\Desktop\\React\\03-gifs-app\\src\\counter\\components\\hooks\\useCounter.tsx","statementMap":{"0":{"start":{"line":6,"column":26},"end":{"line":33,"column":null}},"1":{"start":{"line":8,"column":31},"end":{"line":8,"column":null}},"2":{"start":{"line":10,"column":23},"end":{"line":12,"column":null}},"3":{"start":{"line":11,"column":4},"end":{"line":11,"column":null}},"4":{"start":{"line":14,"column":27},"end":{"line":17,"column":null}},"5":{"start":{"line":15,"column":8},"end":{"line":15,"column":null}},"6":{"start":{"line":15,"column":27},"end":{"line":15,"column":null}},"7":{"start":{"line":16,"column":4},"end":{"line":16,"column":null}},"8":{"start":{"line":16,"column":31},"end":{"line":16,"column":null}},"9":{"start":{"line":19,"column":24},"end":{"line":21,"column":null}},"10":{"start":{"line":20,"column":8},"end":{"line":20,"column":null}},"11":{"start":{"line":24,"column":4},"end":{"line":32,"column":null}}},"fnMap":{"0":{"name":"(anonymous_0)","decl":{"start":{"line":6,"column":26},"end":{"line":6,"column":27}},"loc":{"start":{"line":6,"column":52},"end":{"line":33,"column":null}},"line":6},"1":{"name":"(anonymous_1)","decl":{"start":{"line":10,"column":23},"end":{"line":10,"column":null}},"loc":{"start":{"line":10,"column":23},"end":{"line":12,"column":null}},"line":10},"2":{"name":"(anonymous_2)","decl":{"start":{"line":14,"column":27},"end":{"line":14,"column":null}},"loc":{"start":{"line":14,"column":27},"end":{"line":17,"column":null}},"line":14},"3":{"name":"(anonymous_3)","decl":{"start":{"line":16,"column":16},"end":{"line":16,"column":17}},"loc":{"start":{"line":16,"column":31},"end":{"line":16,"column":null}},"line":16},"4":{"name":"(anonymous_4)","decl":{"start":{"line":19,"column":24},"end":{"line":19,"column":null}},"loc":{"start":{"line":19,"column":24},"end":{"line":21,"column":null}},"line":19}},"branchMap":{"0":{"loc":{"start":{"line":6,"column":27},"end":{"line":6,"column":52}},"type":"default-arg","locations":[{"start":{"line":6,"column":50},"end":{"line":6,"column":52}}],"line":6},"1":{"loc":{"start":{"line":15,"column":8},"end":{"line":15,"column":null}},"type":"if","locations":[{"start":{"line":15,"column":8},"end":{"line":15,"column":null}},{"start":{},"end":{}}],"line":15}},"s":{"0":2,"1":17,"2":17,"3":4,"4":17,"5":3,"6":1,"7":2,"8":2,"9":17,"10":2,"11":17},"f":{"0":17,"1":4,"2":3,"3":2,"4":2},"b":{"0":[17],"1":[1,2]},"meta":{"lastBranch":2,"lastFunction":5,"lastStatement":12,"seen":{"s:6:26:33:Infinity":0,"f:6:26:6:27":0,"b:6:50:6:52":0,"s:8:31:8:Infinity":1,"s:10:23:12:Infinity":2,"f:10:23:10:Infinity":1,"s:11:4:11:Infinity":3,"s:14:27:17:Infinity":4,"f:14:27:14:Infinity":2,"b:15:8:15:Infinity:undefined:undefined:undefined:undefined":1,"s:15:8:15:Infinity":5,"s:15:27:15:Infinity":6,"s:16:4:16:Infinity":7,"f:16:16:16:17":3,"s:16:31:16:Infinity":8,"s:19:24:21:Infinity":9,"f:19:24:19:Infinity":4,"s:20:8:20:Infinity":10,"s:24:4:32:Infinity":11}}}
,"C:\\Users\\elnic\\Desktop\\React\\03-gifs-app\\src\\gifs\\actions\\get-gifs-by-query.action.ts": {"path":"C:\\Users\\elnic\\Desktop\\React\\03-gifs-app\\src\\gifs\\actions\\get-gifs-by-query.action.ts","statementMap":{"0":{"start":{"line":7,"column":30},"end":{"line":36,"column":null}},"1":{"start":{"line":9,"column":4},"end":{"line":9,"column":null}},"2":{"start":{"line":9,"column":35},"end":{"line":9,"column":null}},"3":{"start":{"line":11,"column":4},"end":{"line":30,"column":null}},"4":{"start":{"line":12,"column":25},"end":{"line":18,"column":null}},"5":{"start":{"line":20,"column":4},"end":{"line":26,"column":null}},"6":{"start":{"line":20,"column":45},"end":{"line":26,"column":null}},"7":{"start":{"line":28,"column":8},"end":{"line":28,"column":null}},"8":{"start":{"line":29,"column":8},"end":{"line":29,"column":null}}},"fnMap":{"0":{"name":"(anonymous_0)","decl":{"start":{"line":7,"column":30},"end":{"line":7,"column":37}},"loc":{"start":{"line":7,"column":37},"end":{"line":36,"column":null}},"line":7},"1":{"name":"(anonymous_1)","decl":{"start":{"line":20,"column":35},"end":{"line":20,"column":36}},"loc":{"start":{"line":20,"column":45},"end":{"line":26,"column":null}},"line":20}},"branchMap":{"0":{"loc":{"start":{"line":9,"column":4},"end":{"line":9,"column":null}},"type":"if","locations":[{"start":{"line":9,"column":4},"end":{"line":9,"column":null}},{"start":{},"end":{}}],"line":9}},"s":{"0":2,"1":3,"2":1,"3":2,"4":2,"5":1,"6":10,"7":1,"8":1},"f":{"0":3,"1":10},"b":{"0":[1,2]},"meta":{"lastBranch":1,"lastFunction":2,"lastStatement":9,"seen":{"s:7:30:36:Infinity":0,"f:7:30:7:37":0,"b:9:4:9:Infinity:undefined:undefined:undefined:undefined":0,"s:9:4:9:Infinity":1,"s:9:35:9:Infinity":2,"s:11:4:30:Infinity":3,"s:12:25:18:Infinity":4,"s:20:4:26:Infinity":5,"f:20:35:20:36":1,"s:20:45:26:Infinity":6,"s:28:8:28:Infinity":7,"s:29:8:29:Infinity":8}}}
,"C:\\Users\\elnic\\Desktop\\React\\03-gifs-app\\src\\gifs\\api\\giphy.api.ts": {"path":"C:\\Users\\elnic\\Desktop\\React\\03-gifs-app\\src\\gifs\\api\\giphy.api.ts","statementMap":{"0":{"start":{"line":4,"column":24},"end":{"line":10,"column":null}}},"fnMap":{},"branchMap":{},"s":{"0":3},"f":{},"b":{},"meta":{"lastBranch":0,"lastFunction":0,"lastStatement":1,"seen":{"s:4:24:10:Infinity":0}}}
,"C:\\Users\\elnic\\Desktop\\React\\03-gifs-app\\src\\gifs\\components\\GifList.tsx": {"path":"C:\\Users\\elnic\\Desktop\\React\\03-gifs-app\\src\\gifs\\components\\GifList.tsx","statementMap":{"0":{"start":{"line":8,"column":41},"end":{"line":24,"column":null}},"1":{"start":{"line":9,"column":2},"end":{"line":13,"column":30}},"2":{"start":{"line":12,"column":21},"end":{"line":13,"column":30}}},"fnMap":{"0":{"name":"(anonymous_0)","decl":{"start":{"line":8,"column":41},"end":{"line":8,"column":42}},"loc":{"start":{"line":8,"column":48},"end":{"line":24,"column":null}},"line":8},"1":{"name":"(anonymous_1)","decl":{"start":{"line":12,"column":20},"end":{"line":12,"column":21}},"loc":{"start":{"line":12,"column":21},"end":{"line":13,"column":30}},"line":12}},"branchMap":{},"s":{"0":1,"1":1,"2":0},"f":{"0":1,"1":0},"b":{},"meta":{"lastBranch":0,"lastFunction":2,"lastStatement":3,"seen":{"s:8:41:24:Infinity":0,"f:8:41:8:42":0,"s:9:2:13:30":1,"f:12:20:12:21":1,"s:12:21:13:30":2}}}
,"C:\\Users\\elnic\\Desktop\\React\\03-gifs-app\\src\\gifs\\components\\PreviousSearches.tsx": {"path":"C:\\Users\\elnic\\Desktop\\React\\03-gifs-app\\src\\gifs\\components\\PreviousSearches.tsx","statementMap":{"0":{"start":{"line":7,"column":32},"end":{"line":20,"column":null}},"1":{"start":{"line":8,"column":2},"end":{"line":13,"column":null}},"2":{"start":{"line":12,"column":26},"end":{"line":13,"column":null}},"3":{"start":{"line":14,"column":33},"end":{"line":14,"column":null}}},"fnMap":{"0":{"name":"(anonymous_0)","decl":{"start":{"line":7,"column":32},"end":{"line":7,"column":33}},"loc":{"start":{"line":7,"column":82},"end":{"line":20,"column":null}},"line":7},"1":{"name":"(anonymous_1)","decl":{"start":{"line":12,"column":26},"end":{"line":12,"column":null}},"loc":{"start":{"line":12,"column":26},"end":{"line":13,"column":null}},"line":12},"2":{"name":"(anonymous_2)","decl":{"start":{"line":14,"column":27},"end":{"line":14,"column":33}},"loc":{"start":{"line":14,"column":33},"end":{"line":14,"column":null}},"line":14}},"branchMap":{},"s":{"0":1,"1":1,"2":0,"3":0},"f":{"0":1,"1":0,"2":0},"b":{},"meta":{"lastBranch":0,"lastFunction":3,"lastStatement":4,"seen":{"s:7:32:20:Infinity":0,"f:7:32:7:33":0,"s:8:2:13:Infinity":1,"f:12:26:12:Infinity":1,"s:12:26:13:Infinity":2,"f:14:27:14:33":2,"s:14:33:14:Infinity":3}}}
,"C:\\Users\\elnic\\Desktop\\React\\03-gifs-app\\src\\gifs\\hooks\\useGifs.tsx": {"path":"C:\\Users\\elnic\\Desktop\\React\\03-gifs-app\\src\\gifs\\hooks\\useGifs.tsx","statementMap":{"0":{"start":{"line":7,"column":23},"end":{"line":46,"column":null}},"1":{"start":{"line":8,"column":25},"end":{"line":8,"column":null}},"2":{"start":{"line":9,"column":43},"end":{"line":9,"column":null}},"3":{"start":{"line":10,"column":10},"end":{"line":10,"column":null}},"4":{"start":{"line":11,"column":30},"end":{"line":19,"column":null}},"5":{"start":{"line":13,"column":8},"end":{"line":16,"column":null}},"6":{"start":{"line":14,"column":12},"end":{"line":14,"column":null}},"7":{"start":{"line":15,"column":12},"end":{"line":15,"column":null}},"8":{"start":{"line":17,"column":21},"end":{"line":17,"column":null}},"9":{"start":{"line":18,"column":8},"end":{"line":18,"column":null}},"10":{"start":{"line":21,"column":25},"end":{"line":35,"column":null}},"11":{"start":{"line":22,"column":8},"end":{"line":22,"column":null}},"12":{"start":{"line":24,"column":8},"end":{"line":24,"column":null}},"13":{"start":{"line":24,"column":32},"end":{"line":24,"column":null}},"14":{"start":{"line":26,"column":8},"end":{"line":26,"column":null}},"15":{"start":{"line":26,"column":43},"end":{"line":26,"column":null}},"16":{"start":{"line":28,"column":8},"end":{"line":28,"column":null}},"17":{"start":{"line":30,"column":21},"end":{"line":30,"column":null}},"18":{"start":{"line":31,"column":8},"end":{"line":31,"column":null}},"19":{"start":{"line":33,"column":8},"end":{"line":33,"column":null}},"20":{"start":{"line":34,"column":8},"end":{"line":34,"column":null}},"21":{"start":{"line":37,"column":4},"end":{"line":45,"column":null}}},"fnMap":{"0":{"name":"(anonymous_0)","decl":{"start":{"line":7,"column":23},"end":{"line":7,"column":null}},"loc":{"start":{"line":7,"column":23},"end":{"line":46,"column":null}},"line":7},"1":{"name":"(anonymous_1)","decl":{"start":{"line":11,"column":30},"end":{"line":11,"column":37}},"loc":{"start":{"line":11,"column":37},"end":{"line":19,"column":null}},"line":11},"2":{"name":"(anonymous_2)","decl":{"start":{"line":21,"column":25},"end":{"line":21,"column":32}},"loc":{"start":{"line":21,"column":32},"end":{"line":35,"column":null}},"line":21}},"branchMap":{"0":{"loc":{"start":{"line":13,"column":8},"end":{"line":16,"column":null}},"type":"if","locations":[{"start":{"line":13,"column":8},"end":{"line":16,"column":null}},{"start":{},"end":{}}],"line":13},"1":{"loc":{"start":{"line":24,"column":8},"end":{"line":24,"column":null}},"type":"if","locations":[{"start":{"line":24,"column":8},"end":{"line":24,"column":null}},{"start":{},"end":{}}],"line":24},"2":{"loc":{"start":{"line":26,"column":8},"end":{"line":26,"column":null}},"type":"if","locations":[{"start":{"line":26,"column":8},"end":{"line":26,"column":null}},{"start":{},"end":{}}],"line":26}},"s":{"0":2,"1":22,"2":22,"3":22,"4":22,"5":2,"6":1,"7":1,"8":1,"9":1,"10":22,"11":15,"12":15,"13":2,"14":13,"15":1,"16":12,"17":12,"18":12,"19":12,"20":12,"21":22},"f":{"0":22,"1":2,"2":15},"b":{"0":[1,1],"1":[2,13],"2":[1,12]},"meta":{"lastBranch":3,"lastFunction":3,"lastStatement":22,"seen":{"s:7:23:46:Infinity":0,"f:7:23:7:Infinity":0,"s:8:25:8:Infinity":1,"s:9:43:9:Infinity":2,"s:10:10:10:Infinity":3,"s:11:30:19:Infinity":4,"f:11:30:11:37":1,"b:13:8:16:Infinity:undefined:undefined:undefined:undefined":0,"s:13:8:16:Infinity":5,"s:14:12:14:Infinity":6,"s:15:12:15:Infinity":7,"s:17:21:17:Infinity":8,"s:18:8:18:Infinity":9,"s:21:25:35:Infinity":10,"f:21:25:21:32":2,"s:22:8:22:Infinity":11,"b:24:8:24:Infinity:undefined:undefined:undefined:undefined":1,"s:24:8:24:Infinity":12,"s:24:32:24:Infinity":13,"b:26:8:26:Infinity:undefined:undefined:undefined:undefined":2,"s:26:8:26:Infinity":14,"s:26:43:26:Infinity":15,"s:28:8:28:Infinity":16,"s:30:21:30:Infinity":17,"s:31:8:31:Infinity":18,"s:33:8:33:Infinity":19,"s:34:8:34:Infinity":20,"s:37:4:45:Infinity":21}}}
,"C:\\Users\\elnic\\Desktop\\React\\03-gifs-app\\src\\shared\\components\\CustomHeader.tsx": {"path":"C:\\Users\\elnic\\Desktop\\React\\03-gifs-app\\src\\shared\\components\\CustomHeader.tsx","statementMap":{"0":{"start":{"line":9,"column":28},"end":{"line":16,"column":null}},"1":{"start":{"line":10,"column":2},"end":{"line":13,"column":null}}},"fnMap":{"0":{"name":"(anonymous_0)","decl":{"start":{"line":9,"column":28},"end":{"line":9,"column":29}},"loc":{"start":{"line":9,"column":56},"end":{"line":16,"column":null}},"line":9}},"branchMap":{"0":{"loc":{"start":{"line":13,"column":9},"end":{"line":13,"column":null}},"type":"binary-expr","locations":[{"start":{"line":13,"column":9},"end":{"line":13,"column":24}},{"start":{"line":13,"column":9},"end":{"line":13,"column":null}}],"line":13}},"s":{"0":2,"1":4},"f":{"0":4},"b":{"0":[4,2]},"meta":{"lastBranch":1,"lastFunction":1,"lastStatement":2,"seen":{"s:9:28:16:Infinity":0,"f:9:28:9:29":0,"s:10:2:13:Infinity":1,"b:13:9:13:24:13:9:13:Infinity":0}}}
,"C:\\Users\\elnic\\Desktop\\React\\03-gifs-app\\src\\shared\\components\\SearchBar.tsx": {"path":"C:\\Users\\elnic\\Desktop\\React\\03-gifs-app\\src\\shared\\components\\SearchBar.tsx","statementMap":{"0":{"start":{"line":10,"column":25},"end":{"line":45,"column":null}},"1":{"start":{"line":11,"column":25},"end":{"line":11,"column":null}},"2":{"start":{"line":12,"column":2},"end":{"line":23,"column":null}},"3":{"start":{"line":13,"column":22},"end":{"line":15,"column":null}},"4":{"start":{"line":14,"column":6},"end":{"line":14,"column":null}},"5":{"start":{"line":18,"column":4},"end":{"line":20,"column":null}},"6":{"start":{"line":19,"column":6},"end":{"line":19,"column":null}},"7":{"start":{"line":24,"column":23},"end":{"line":27,"column":null}},"8":{"start":{"line":25,"column":4},"end":{"line":25,"column":null}},"9":{"start":{"line":28,"column":24},"end":{"line":31,"column":null}},"10":{"start":{"line":29,"column":12},"end":{"line":31,"column":11}},"11":{"start":{"line":30,"column":14},"end":{"line":30,"column":null}},"12":{"start":{"line":32,"column":2},"end":{"line":42,"column":null}},"13":{"start":{"line":38,"column":31},"end":{"line":38,"column":null}}},"fnMap":{"0":{"name":"(anonymous_0)","decl":{"start":{"line":10,"column":25},"end":{"line":10,"column":26}},"loc":{"start":{"line":10,"column":94},"end":{"line":45,"column":null}},"line":10},"1":{"name":"(anonymous_1)","decl":{"start":{"line":12,"column":12},"end":{"line":12,"column":null}},"loc":{"start":{"line":12,"column":12},"end":{"line":23,"column":5}},"line":12},"2":{"name":"(anonymous_2)","decl":{"start":{"line":13,"column":33},"end":{"line":13,"column":null}},"loc":{"start":{"line":13,"column":33},"end":{"line":15,"column":7}},"line":13},"3":{"name":"(anonymous_3)","decl":{"start":{"line":18,"column":11},"end":{"line":18,"column":null}},"loc":{"start":{"line":18,"column":11},"end":{"line":20,"column":null}},"line":18},"4":{"name":"(anonymous_4)","decl":{"start":{"line":24,"column":23},"end":{"line":24,"column":null}},"loc":{"start":{"line":24,"column":23},"end":{"line":27,"column":null}},"line":24},"5":{"name":"(anonymous_5)","decl":{"start":{"line":28,"column":24},"end":{"line":28,"column":25}},"loc":{"start":{"line":28,"column":25},"end":{"line":31,"column":null}},"line":28},"6":{"name":"(anonymous_6)","decl":{"start":{"line":38,"column":20},"end":{"line":38,"column":21}},"loc":{"start":{"line":38,"column":31},"end":{"line":38,"column":null}},"line":38}},"branchMap":{"0":{"loc":{"start":{"line":10,"column":27},"end":{"line":10,"column":47}},"type":"default-arg","locations":[{"start":{"line":10,"column":39},"end":{"line":10,"column":47}}],"line":10},"1":{"loc":{"start":{"line":10,"column":49},"end":{"line":10,"column":68}},"type":"default-arg","locations":[{"start":{"line":10,"column":60},"end":{"line":10,"column":68}}],"line":10},"2":{"loc":{"start":{"line":29,"column":12},"end":{"line":31,"column":11}},"type":"if","locations":[{"start":{"line":29,"column":12},"end":{"line":31,"column":11}},{"start":{},"end":{}}],"line":29}},"s":{"0":2,"1":16,"2":16,"3":16,"4":2,"5":16,"6":16,"7":16,"8":1,"9":16,"10":0,"11":0,"12":16,"13":6},"f":{"0":16,"1":16,"2":2,"3":16,"4":1,"5":0,"6":6},"b":{"0":[16],"1":[16],"2":[0,0]},"meta":{"lastBranch":3,"lastFunction":7,"lastStatement":14,"seen":{"s:10:25:45:Infinity":0,"f:10:25:10:26":0,"b:10:39:10:47":0,"b:10:60:10:68":1,"s:11:25:11:Infinity":1,"s:12:2:23:Infinity":2,"f:12:12:12:Infinity":1,"s:13:22:15:Infinity":3,"f:13:33:13:Infinity":2,"s:14:6:14:Infinity":4,"s:18:4:20:Infinity":5,"f:18:11:18:Infinity":3,"s:19:6:19:Infinity":6,"s:24:23:27:Infinity":7,"f:24:23:24:Infinity":4,"s:25:4:25:Infinity":8,"s:28:24:31:Infinity":9,"f:28:24:28:25":5,"b:29:12:31:11:undefined:undefined:undefined:undefined":2,"s:29:12:31:11":10,"s:30:14:30:Infinity":11,"s:32:2:42:Infinity":12,"f:38:20:38:21":6,"s:38:31:38:Infinity":13}}}
,"C:\\Users\\elnic\\Desktop\\React\\03-gifs-app\\tests\\mocks\\giphy.response.data.ts": {"path":"C:\\Users\\elnic\\Desktop\\React\\03-gifs-app\\tests\\mocks\\giphy.response.data.ts","statementMap":{"0":{"start":{"line":1,"column":39},"end":{"line":2095,"column":null}}},"fnMap":{},"branchMap":{},"s":{"0":1},"f":{},"b":{},"meta":{"lastBranch":0,"lastFunction":0,"lastStatement":1,"seen":{"s:1:39:2095:Infinity":0}}}
}
